[09:2610:10.962] - 0:0:0:0:0:0:0:1:web::http://localhost:8082/spring/main
[09:2611:11.302] - 0:0:0:0:0:0:0:1:web::http://localhost:8082/spring/member/selectAll
[09:2612:12.608] - 0:0:0:0:0:0:0:1:web::http://localhost:8082/spring/board/list/N
[09:4437:37.356] - 0:0:0:0:0:0:0:1:web::http://localhost:8082/spring/main
[09:4437:37.531] - 0:0:0:0:0:0:0:1:web::http://localhost:8082/spring/member/selectAll
[09:4445:45.829] - 0:0:0:0:0:0:0:1:web::http://localhost:8082/spring/board/list/N
[09:4525:25.712] - 0:0:0:0:0:0:0:1:web::http://localhost:8082/spring/board/list/N
[09:4637:37.148] - 0:0:0:0:0:0:0:1:web::http://localhost:8082/spring/member/login?userId=test&userPwd=test&saveId=on
[09:4637:37.292] - 0:0:0:0:0:0:0:1:web:test:http://localhost:8082/spring/main
[09:4637:37.368] - 0:0:0:0:0:0:0:1:web:test:http://localhost:8082/spring/member/selectAll
[09:4647:47.387] - 0:0:0:0:0:0:0:1:web:test:http://localhost:8082/spring/member/selectAll
[10:1222:22.764] - 0:0:0:0:0:0:0:1:web::http://localhost:8082/spring/member/selectAll
[10:1227:27.384] - 0:0:0:0:0:0:0:1:web::http://localhost:8082/spring/member/selectAll
[10:1234:34.134] - 0:0:0:0:0:0:0:1:web::http://localhost:8082/spring/main
[10:1234:34.241] - 0:0:0:0:0:0:0:1:web::http://localhost:8082/spring/resources/js/main/main.js
[10:1234:34.298] - 0:0:0:0:0:0:0:1:web::http://localhost:8082/spring/member/selectAll
[10:1238:38.586] - 0:0:0:0:0:0:0:1:web::http://localhost:8082/spring/board/list/N
[10:2039:39.826] - 0:0:0:0:0:0:0:1:web::http://localhost:8082/spring/board/list/N
[10:4256:56.429] - 0:0:0:0:0:0:0:1:web::http://localhost:8082/spring/board/list/N
[10:4627:27.596] - 0:0:0:0:0:0:0:1:web::http://localhost:8082/spring/member/login?userId=test&userPwd=rwar&saveId=on
[10:4632:32.978] - 0:0:0:0:0:0:0:1:web::http://localhost:8082/spring/member/login?userId=test&userPwd=test&saveId=on
[10:4633:33.065] - 0:0:0:0:0:0:0:1:web:test:http://localhost:8082/spring/main
[10:4633:33.168] - 0:0:0:0:0:0:0:1:web:test:http://localhost:8082/spring/member/selectAll
[10:4643:43.186] - 0:0:0:0:0:0:0:1:web:test:http://localhost:8082/spring/member/selectAll
[10:4653:53.189] - 0:0:0:0:0:0:0:1:web:test:http://localhost:8082/spring/member/selectAll
[10:478:08.276] - 0:0:0:0:0:0:0:1:web::http://localhost:8082/spring/member/selectAll
[10:4713:13.172] - 0:0:0:0:0:0:0:1:web::http://localhost:8082/spring/member/selectAll
[11:1357:57.033] - 0:0:0:0:0:0:0:1:web::http://localhost:8082/spring/main
[11:1357:57.208] - 0:0:0:0:0:0:0:1:web::http://localhost:8082/spring/member/selectAll
[11:147:07.216] - 0:0:0:0:0:0:0:1:web::http://localhost:8082/spring/member/selectAll
[11:1417:17.219] - 0:0:0:0:0:0:0:1:web::http://localhost:8082/spring/member/selectAll
[14:0036:36.456] - 0:0:0:0:0:0:0:1:web::http://localhost:8082/spring/main
[14:0036:36.584] - 0:0:0:0:0:0:0:1:web::http://localhost:8082/spring/resources/css/main-style.css
[14:0036:36.639] - 0:0:0:0:0:0:0:1:web::http://localhost:8082/spring/member/selectAll
[14:0039:39.684] - 0:0:0:0:0:0:0:1:web::http://localhost:8082/spring/member/login?userId=test&userPwd=test&saveId=on
[14:0039:39.823] - 0:0:0:0:0:0:0:1:web:test:http://localhost:8082/spring/main
[14:0039:39.879] - 0:0:0:0:0:0:0:1:web:test:http://localhost:8082/spring/member/selectAll
[14:0041:41.520] - 0:0:0:0:0:0:0:1:web:test:http://localhost:8082/spring/board/list/N
[14:0042:42.696] - 0:0:0:0:0:0:0:1:web:test:http://localhost:8082/spring/board/detail/N/18
[14:0043:43.986] - 0:0:0:0:0:0:0:1:web:test:http://localhost:8082/spring/reply/selectReplyList?bno=18
[14:0046:46.251] - 0:0:0:0:0:0:0:1:web:test:http://localhost:8082/spring/reply/insert?refBno=18&replyContent=tttt&replyWriter=2
[14:0046:46.296] - 0:0:0:0:0:0:0:1:web:test:http://localhost:8082/spring/reply/selectReplyList?bno=18
[14:0056:56.551] - 0:0:0:0:0:0:0:1:web:test:http://localhost:8082/spring/board/list/N
[14:0057:57.636] - 0:0:0:0:0:0:0:1:web:test:http://localhost:8082/spring/board/detail/N/12
[14:0057:57.748] - 0:0:0:0:0:0:0:1:web:test:http://localhost:8082/spring/reply/selectReplyList?bno=12
[14:010:00.054] - 0:0:0:0:0:0:0:1:web:test:http://localhost:8082/spring/board/list/N
[14:013:03.735] - 0:0:0:0:0:0:0:1:web:test:http://localhost:8082/spring/board/detail/N/13
[14:013:03.797] - 0:0:0:0:0:0:0:1:web:test:http://localhost:8082/spring/reply/selectReplyList?bno=13
[14:016:06.087] - 0:0:0:0:0:0:0:1:web:test:http://localhost:8082/spring/board/list/N
[14:016:06.734] - 0:0:0:0:0:0:0:1:web:test:http://localhost:8082/spring/board/detail/N/18
[14:016:06.764] - 0:0:0:0:0:0:0:1:web:test:http://localhost:8082/spring/reply/selectReplyList?bno=18
[14:1141:41.846] - 0:0:0:0:0:0:0:1:web:test:http://localhost:8082/spring/board/detail/N/18
[14:1142:42.115] - 0:0:0:0:0:0:0:1:web:test:http://localhost:8082/spring/resources/css/main-style.css
[14:1142:42.118] - 0:0:0:0:0:0:0:1:web:test:http://localhost:8082/spring/resources/images/top_logo.jpg
[14:1142:42.119] - 0:0:0:0:0:0:0:1:web:test:http://localhost:8082/spring/resources/images/user.jpg
[14:1142:42.195] - 0:0:0:0:0:0:0:1:web:test:http://localhost:8082/spring/reply/selectReplyList?bno=18
[14:1312:12.748] - 0:0:0:0:0:0:0:1:web:test:http://localhost:8082/spring/board/detail/N/18
[14:1313:13.048] - 0:0:0:0:0:0:0:1:web:test:http://localhost:8082/spring/resources/css/main-style.css
[14:1313:13.050] - 0:0:0:0:0:0:0:1:web:test:http://localhost:8082/spring/resources/images/user.jpg
[14:1313:13.051] - 0:0:0:0:0:0:0:1:web:test:http://localhost:8082/spring/resources/images/top_logo.jpg
[14:1313:13.166] - 0:0:0:0:0:0:0:1:web:test:http://localhost:8082/spring/reply/selectReplyList?bno=18
[14:1318:18.114] - 0:0:0:0:0:0:0:1:web:test:http://localhost:8082/spring/reply/update?replyNo=3
[14:1318:18.128] - 0:0:0:0:0:0:0:1:web:test:http://localhost:8082/spring/reply/selectReplyList?bno=18
[14:1324:24.810] - 0:0:0:0:0:0:0:1:web:test:http://localhost:8082/spring/reply/update?replyNo=3
[14:1324:24.817] - 0:0:0:0:0:0:0:1:web:test:http://localhost:8082/spring/reply/selectReplyList?bno=18
[14:1537:37.847] - 0:0:0:0:0:0:0:1:web:test:http://localhost:8082/spring/board/detail/N/18
[14:1538:38.090] - 0:0:0:0:0:0:0:1:web:test:http://localhost:8082/spring/resources/css/main-style.css
[14:1538:38.095] - 0:0:0:0:0:0:0:1:web:test:http://localhost:8082/spring/resources/images/user.jpg
[14:1538:38.095] - 0:0:0:0:0:0:0:1:web:test:http://localhost:8082/spring/resources/images/top_logo.jpg
[14:1538:38.220] - 0:0:0:0:0:0:0:1:web:test:http://localhost:8082/spring/reply/selectReplyList?bno=18
[14:1540:40.825] - 0:0:0:0:0:0:0:1:web:test:http://localhost:8082/spring/reply/update?replyNo=3&replyContent=undefinedfdsfdsfds
[14:1540:40.834] - 0:0:0:0:0:0:0:1:web:test:http://localhost:8082/spring/reply/selectReplyList?bno=18
[14:1545:45.337] - 0:0:0:0:0:0:0:1:web:test:http://localhost:8082/spring/reply/update?replyNo=3&replyContent=undefinedfdsfdsfds???
[14:1545:45.345] - 0:0:0:0:0:0:0:1:web:test:http://localhost:8082/spring/reply/selectReplyList?bno=18
[14:1549:49.698] - 0:0:0:0:0:0:0:1:web:test:http://localhost:8082/spring/reply/delete?replyNo=2
[14:1549:49.707] - 0:0:0:0:0:0:0:1:web:test:http://localhost:8082/spring/reply/selectReplyList?bno=18
[14:1554:54.937] - 0:0:0:0:0:0:0:1:web:test:http://localhost:8082/spring/reply/update?replyNo=1&replyContent=testest????
[14:1554:54.946] - 0:0:0:0:0:0:0:1:web:test:http://localhost:8082/spring/reply/selectReplyList?bno=18
[14:1739:39.603] - 0:0:0:0:0:0:0:1:web:test:http://localhost:8082/spring/reply/insert?refBno=18&replyContent=dsads&replyWriter=2
[14:1739:39.613] - 0:0:0:0:0:0:0:1:web:test:http://localhost:8082/spring/reply/selectReplyList?bno=18
[14:1742:42.120] - 0:0:0:0:0:0:0:1:web:test:http://localhost:8082/spring/reply/update?replyNo=4&replyContent=dsads
[14:1742:42.129] - 0:0:0:0:0:0:0:1:web:test:http://localhost:8082/spring/reply/selectReplyList?bno=18
[14:1746:46.152] - 0:0:0:0:0:0:0:1:web:test:http://localhost:8082/spring/reply/update?replyNo=4&replyContent=dsads11111
[14:1746:46.159] - 0:0:0:0:0:0:0:1:web:test:http://localhost:8082/spring/reply/selectReplyList?bno=18
[14:184:04.331] - 0:0:0:0:0:0:0:1:web:test:http://localhost:8082/spring/main
[14:184:04.418] - 0:0:0:0:0:0:0:1:web:test:http://localhost:8082/spring/member/selectAll
[14:185:05.702] - 0:0:0:0:0:0:0:1:web:test:http://localhost:8082/spring/member/logout
[14:185:05.705] - 0:0:0:0:0:0:0:1:web::http://localhost:8082/spring/main
[14:185:05.731] - 0:0:0:0:0:0:0:1:web::http://localhost:8082/spring/member/selectAll
[14:187:07.486] - 0:0:0:0:0:0:0:1:web::http://localhost:8082/spring/member/insert
[14:1818:18.321] - 0:0:0:0:0:0:0:1:web::http://localhost:8082/spring/member/insert?userId=123123&userPwd=123123&nickName=123123&phone=123123&address=,,
[14:199:09.775] - 0:0:0:0:0:0:0:1:web::http://localhost:8082/spring/main
[14:199:09.825] - 0:0:0:0:0:0:0:1:web::http://localhost:8082/spring/member/selectAll
[14:1920:20.114] - 0:0:0:0:0:0:0:1:web::http://localhost:8082/spring/member/selectAll
[14:1930:30.102] - 0:0:0:0:0:0:0:1:web::http://localhost:8082/spring/member/selectAll
[14:1940:40.105] - 0:0:0:0:0:0:0:1:web::http://localhost:8082/spring/member/selectAll
[14:1950:50.111] - 0:0:0:0:0:0:0:1:web::http://localhost:8082/spring/member/selectAll
[14:200:00.111] - 0:0:0:0:0:0:0:1:web::http://localhost:8082/spring/member/selectAll
[14:2010:10.102] - 0:0:0:0:0:0:0:1:web::http://localhost:8082/spring/member/selectAll
[14:2038:38.115] - 0:0:0:0:0:0:0:1:web::http://localhost:8082/spring/member/selectAll
[14:2138:38.113] - 0:0:0:0:0:0:0:1:web::http://localhost:8082/spring/member/selectAll
[14:2238:38.111] - 0:0:0:0:0:0:0:1:web::http://localhost:8082/spring/member/selectAll
[14:2338:38.103] - 0:0:0:0:0:0:0:1:web::http://localhost:8082/spring/member/selectAll
[14:2438:38.110] - 0:0:0:0:0:0:0:1:web::http://localhost:8082/spring/member/selectAll
[14:2538:38.107] - 0:0:0:0:0:0:0:1:web::http://localhost:8082/spring/member/selectAll
[14:2638:38.117] - 0:0:0:0:0:0:0:1:web::http://localhost:8082/spring/member/selectAll
[14:2738:38.113] - 0:0:0:0:0:0:0:1:web::http://localhost:8082/spring/member/selectAll
[14:2838:38.117] - 0:0:0:0:0:0:0:1:web::http://localhost:8082/spring/member/selectAll
[14:2938:38.112] - 0:0:0:0:0:0:0:1:web::http://localhost:8082/spring/member/selectAll
[14:3038:38.103] - 0:0:0:0:0:0:0:1:web::http://localhost:8082/spring/member/selectAll
[14:3138:38.104] - 0:0:0:0:0:0:0:1:web::http://localhost:8082/spring/member/selectAll
[14:3238:38.109] - 0:0:0:0:0:0:0:1:web::http://localhost:8082/spring/member/selectAll
[14:3338:38.119] - 0:0:0:0:0:0:0:1:web::http://localhost:8082/spring/member/selectAll
[14:3438:38.125] - 0:0:0:0:0:0:0:1:web::http://localhost:8082/spring/member/selectAll
[14:3538:38.113] - 0:0:0:0:0:0:0:1:web::http://localhost:8082/spring/member/selectAll
[14:3638:38.106] - 0:0:0:0:0:0:0:1:web::http://localhost:8082/spring/member/selectAll
[14:3738:38.117] - 0:0:0:0:0:0:0:1:web::http://localhost:8082/spring/member/selectAll
[14:3838:38.114] - 0:0:0:0:0:0:0:1:web::http://localhost:8082/spring/member/selectAll
[14:3938:38.118] - 0:0:0:0:0:0:0:1:web::http://localhost:8082/spring/member/selectAll
